[2016-07-24 13:02:45.017] [DEBUG] CONTROLLER:INDEX - 113/Users/licheng/Documents/huaxun/iRecommend-demo/core/controller/Index.js.
[2016-07-24 13:15:32.005] [DEBUG] SQL - Executing (default): select dd.*,goodid2name.goodname goodname,useridname.username from (select usergood.user userid, usergood.good goodid from usergood group by userid limit 300 offset 0 ) as dd,goodid2name,useridname where goodid2name.goodid=dd.goodid and useridname.userid =dd.userid
[2016-07-24 13:15:42.416] [DEBUG] SQL - Executing (default): select dd.*,goodid2name.goodname goodname,useridname.username from (select usergood.user userid, usergood.good goodid from usergood group by userid limit 300 offset 0 ) as dd,goodid2name,useridname where goodid2name.goodid=dd.goodid and useridname.userid =dd.userid
[2016-07-24 13:16:04.638] [DEBUG] SQL - Executing (default): select dd.*,goodid2name.goodname goodname,useridname.username from (select usergood.user userid, usergood.good goodid from usergood group by userid limit 300 offset 0 ) as dd,goodid2name,useridname where goodid2name.goodid=dd.goodid and useridname.userid =dd.userid
[2016-07-24 13:21:09.932] [WARN] console - Warning: connect.session() MemoryStore is not
designed for a production environment, as it will leak
memory, and will not scale past a single process.
[2016-07-24 13:23:53.872] [DEBUG] SQL - Executing (default): select dd.*,goodid2name.goodname goodname,useridname.username from (select usergood.user userid, usergood.good goodid from usergood group by userid limit 300 offset 0 ) as dd,goodid2name,useridname where goodid2name.goodid=dd.goodid and useridname.userid =dd.userid
[2016-07-24 13:30:16.854] [WARN] console - Warning: connect.session() MemoryStore is not
designed for a production environment, as it will leak
memory, and will not scale past a single process.
[2016-07-24 13:30:24.135] [WARN] console - Warning: connect.session() MemoryStore is not
designed for a production environment, as it will leak
memory, and will not scale past a single process.
[2016-07-24 13:30:27.140] [DEBUG] SQL - Executing (default): select dd.*,goodid2name.goodname goodname,useridname.username from (select usergood.user userid, usergood.good goodid from usergood group by userid limit 300 offset 0 ) as dd,goodid2name,useridname where goodid2name.goodid=dd.goodid and useridname.userid =dd.userid
[2016-07-24 13:30:31.840] [DEBUG] SQL - Executing (default): select dd.*,goodid2name.goodname goodname,useridname.username from (select usergood.user userid, usergood.good goodid from usergood group by userid limit 300 offset 0 ) as dd,goodid2name,useridname where goodid2name.goodid=dd.goodid and useridname.userid =dd.userid
[2016-07-24 13:30:33.304] [DEBUG] SQL - Executing (default): select dd.*,goodid2name.goodname goodname,useridname.username from (select usergood.user userid, usergood.good goodid from usergood group by userid limit 300 offset 0 ) as dd,goodid2name,useridname where goodid2name.goodid=dd.goodid and useridname.userid =dd.userid
[2016-07-24 13:30:34.689] [DEBUG] SQL - Executing (default): select dd.*,goodid2name.goodname goodname,useridname.username from (select usergood.user userid, usergood.good goodid from usergood group by userid limit 300 offset 0 ) as dd,goodid2name,useridname where goodid2name.goodid=dd.goodid and useridname.userid =dd.userid
[2016-07-24 13:30:36.079] [DEBUG] SQL - Executing (default): select dd.*,goodid2name.goodname goodname,useridname.username from (select usergood.user userid, usergood.good goodid from usergood group by userid limit 300 offset 0 ) as dd,goodid2name,useridname where goodid2name.goodid=dd.goodid and useridname.userid =dd.userid
[2016-07-24 13:35:20.235] [DEBUG] SQL - Executing (default): select dd.*,goodid2name.goodname goodname,useridname.username from (select usergood.user userid, usergood.good goodid from usergood group by userid limit 300 offset 0 ) as dd,goodid2name,useridname where goodid2name.goodid=dd.goodid and useridname.userid =dd.userid
[2016-07-24 13:35:30.373] [DEBUG] SQL - Executing (default): select dd.*,goodid2name.goodname goodname,useridname.username from (select usergood.user userid, usergood.good goodid from usergood group by userid limit 300 offset 0 ) as dd,goodid2name,useridname where goodid2name.goodid=dd.goodid and useridname.userid =dd.userid
[2016-07-24 13:35:39.781] [WARN] console - Warning: connect.session() MemoryStore is not
designed for a production environment, as it will leak
memory, and will not scale past a single process.
[2016-07-24 13:36:42.882] [WARN] console - Warning: connect.session() MemoryStore is not
designed for a production environment, as it will leak
memory, and will not scale past a single process.
[2016-07-24 13:36:55.455] [WARN] console - Warning: connect.session() MemoryStore is not
designed for a production environment, as it will leak
memory, and will not scale past a single process.
[2016-07-24 13:36:59.337] [DEBUG] SQL - Executing (default): select dd.*,goodid2name.goodname goodname,useridname.username from (select usergood.user userid, usergood.good goodid from usergood group by userid limit 300 offset 0 ) as dd,goodid2name,useridname where goodid2name.goodid=dd.goodid and useridname.userid =dd.userid
[2016-07-24 13:37:57.653] [WARN] console - Warning: connect.session() MemoryStore is not
designed for a production environment, as it will leak
memory, and will not scale past a single process.
[2016-07-24 13:44:51.209] [WARN] console - Warning: connect.session() MemoryStore is not
designed for a production environment, as it will leak
memory, and will not scale past a single process.
[2016-07-24 13:44:51.221] [WARN] console - Warning: connect.session() MemoryStore is not
designed for a production environment, as it will leak
memory, and will not scale past a single process.
[2016-07-24 13:44:51.367] [WARN] console - Warning: connect.session() MemoryStore is not
designed for a production environment, as it will leak
memory, and will not scale past a single process.
[2016-07-24 13:44:51.634] [WARN] console - Warning: connect.session() MemoryStore is not
designed for a production environment, as it will leak
memory, and will not scale past a single process.
[2016-07-24 13:44:59.183] [DEBUG] SQL - Executing (default): select dd.*,goodid2name.goodname goodname,useridname.username from (select usergood.user userid, usergood.good goodid from usergood group by userid limit 300 offset 0 ) as dd,goodid2name,useridname where goodid2name.goodid=dd.goodid and useridname.userid =dd.userid
[2016-07-24 13:45:11.353] [DEBUG] SQL - Executing (default): select dd.*,goodid2name.goodname goodname,useridname.username from (select usergood.user userid, usergood.good goodid from usergood group by userid limit 300 offset 0 ) as dd,goodid2name,useridname where goodid2name.goodid=dd.goodid and useridname.userid =dd.userid
[2016-07-24 13:45:16.401] [DEBUG] SQL - Executing (default): select dd.*,goodid2name.goodname goodname,useridname.username from (select usergood.user userid, usergood.good goodid from usergood group by userid limit 300 offset 0 ) as dd,goodid2name,useridname where goodid2name.goodid=dd.goodid and useridname.userid =dd.userid
[2016-07-24 13:45:27.300] [DEBUG] SQL - Executing (default): select dd.*,goodid2name.goodname goodname,useridname.username from (select usergood.user userid, usergood.good goodid from usergood group by userid limit 300 offset 0 ) as dd,goodid2name,useridname where goodid2name.goodid=dd.goodid and useridname.userid =dd.userid
[2016-07-24 13:45:34.794] [DEBUG] SQL - Executing (default): select dd.*,goodid2name.goodname goodname,useridname.username from (select usergood.user userid, usergood.good goodid from usergood group by userid limit 300 offset 0 ) as dd,goodid2name,useridname where goodid2name.goodid=dd.goodid and useridname.userid =dd.userid
[2016-07-24 13:45:37.292] [DEBUG] SQL - Executing (default): select dd.*,goodid2name.goodname goodname,useridname.username from (select usergood.user userid, usergood.good goodid from usergood group by userid limit 300 offset 0 ) as dd,goodid2name,useridname where goodid2name.goodid=dd.goodid and useridname.userid =dd.userid
[2016-07-24 13:45:39.537] [DEBUG] SQL - Executing (default): select dd.*,goodid2name.goodname goodname,useridname.username from (select usergood.user userid, usergood.good goodid from usergood group by userid limit 300 offset 0 ) as dd,goodid2name,useridname where goodid2name.goodid=dd.goodid and useridname.userid =dd.userid
[2016-07-24 13:45:42.558] [DEBUG] SQL - Executing (default): select dd.*,goodid2name.goodname goodname,useridname.username from (select usergood.user userid, usergood.good goodid from usergood group by userid limit 300 offset 0 ) as dd,goodid2name,useridname where goodid2name.goodid=dd.goodid and useridname.userid =dd.userid
[2016-07-24 13:47:00.749] [WARN] console - Warning: connect.session() MemoryStore is not
designed for a production environment, as it will leak
memory, and will not scale past a single process.
[2016-07-24 13:47:00.923] [WARN] console - Warning: connect.session() MemoryStore is not
designed for a production environment, as it will leak
memory, and will not scale past a single process.
[2016-07-24 13:47:01.133] [WARN] console - Warning: connect.session() MemoryStore is not
designed for a production environment, as it will leak
memory, and will not scale past a single process.
[2016-07-24 13:47:01.302] [WARN] console - Warning: connect.session() MemoryStore is not
designed for a production environment, as it will leak
memory, and will not scale past a single process.
[2016-07-24 13:47:49.202] [WARN] console - Warning: connect.session() MemoryStore is not
designed for a production environment, as it will leak
memory, and will not scale past a single process.
[2016-07-24 13:47:49.340] [WARN] console - Warning: connect.session() MemoryStore is not
designed for a production environment, as it will leak
memory, and will not scale past a single process.
[2016-07-24 13:47:49.501] [WARN] console - Warning: connect.session() MemoryStore is not
designed for a production environment, as it will leak
memory, and will not scale past a single process.
[2016-07-24 13:47:50.151] [WARN] console - Warning: connect.session() MemoryStore is not
designed for a production environment, as it will leak
memory, and will not scale past a single process.
[2016-07-24 13:47:50.337] [WARN] console - Warning: connect.session() MemoryStore is not
designed for a production environment, as it will leak
memory, and will not scale past a single process.
[2016-07-24 13:47:50.508] [WARN] console - Warning: connect.session() MemoryStore is not
designed for a production environment, as it will leak
memory, and will not scale past a single process.
[2016-07-24 13:47:50.629] [WARN] console - Warning: connect.session() MemoryStore is not
designed for a production environment, as it will leak
memory, and will not scale past a single process.
[2016-07-24 13:47:50.725] [WARN] console - Warning: connect.session() MemoryStore is not
designed for a production environment, as it will leak
memory, and will not scale past a single process.
[2016-07-24 13:48:35.354] [WARN] console - Warning: connect.session() MemoryStore is not
designed for a production environment, as it will leak
memory, and will not scale past a single process.
[2016-07-24 13:48:35.517] [WARN] console - Warning: connect.session() MemoryStore is not
designed for a production environment, as it will leak
memory, and will not scale past a single process.
[2016-07-24 13:48:35.755] [WARN] console - Warning: connect.session() MemoryStore is not
designed for a production environment, as it will leak
memory, and will not scale past a single process.
[2016-07-24 13:48:36.052] [WARN] console - Warning: connect.session() MemoryStore is not
designed for a production environment, as it will leak
memory, and will not scale past a single process.
[2016-07-24 13:48:36.597] [WARN] console - Warning: connect.session() MemoryStore is not
designed for a production environment, as it will leak
memory, and will not scale past a single process.
[2016-07-24 13:48:36.759] [WARN] console - Warning: connect.session() MemoryStore is not
designed for a production environment, as it will leak
memory, and will not scale past a single process.
[2016-07-24 13:48:36.895] [WARN] console - Warning: connect.session() MemoryStore is not
designed for a production environment, as it will leak
memory, and will not scale past a single process.
[2016-07-24 13:48:37.004] [WARN] console - Warning: connect.session() MemoryStore is not
designed for a production environment, as it will leak
memory, and will not scale past a single process.
[2016-07-24 13:49:15.061] [WARN] console - Warning: connect.session() MemoryStore is not
designed for a production environment, as it will leak
memory, and will not scale past a single process.
[2016-07-24 13:49:15.364] [WARN] console - Warning: connect.session() MemoryStore is not
designed for a production environment, as it will leak
memory, and will not scale past a single process.
[2016-07-24 13:49:15.209] [WARN] console - Warning: connect.session() MemoryStore is not
designed for a production environment, as it will leak
memory, and will not scale past a single process.
[2016-07-24 13:49:15.518] [WARN] console - Warning: connect.session() MemoryStore is not
designed for a production environment, as it will leak
memory, and will not scale past a single process.
[2016-07-24 13:49:45.133] [DEBUG] SQL - Executing (default): select dd.*,goodid2name.goodname goodname,useridname.username from (select usergood.user userid, usergood.good goodid from usergood group by userid limit 300 offset 0 ) as dd,goodid2name,useridname where goodid2name.goodid=dd.goodid and useridname.userid =dd.userid
[2016-07-24 13:49:48.455] [DEBUG] SQL - Executing (default): select dd.*,goodid2name.goodname goodname,useridname.username from (select usergood.user userid, usergood.good goodid from usergood group by userid limit 300 offset 0 ) as dd,goodid2name,useridname where goodid2name.goodid=dd.goodid and useridname.userid =dd.userid
[2016-07-24 14:32:43.265] [WARN] console - Warning: connect.session() MemoryStore is not
designed for a production environment, as it will leak
memory, and will not scale past a single process.
[2016-07-24 14:32:43.419] [WARN] console - Warning: connect.session() MemoryStore is not
designed for a production environment, as it will leak
memory, and will not scale past a single process.
[2016-07-24 14:32:43.558] [WARN] console - Warning: connect.session() MemoryStore is not
designed for a production environment, as it will leak
memory, and will not scale past a single process.
[2016-07-24 14:32:43.850] [WARN] console - Warning: connect.session() MemoryStore is not
designed for a production environment, as it will leak
memory, and will not scale past a single process.
[2016-07-24 14:33:04.798] [WARN] console - Warning: connect.session() MemoryStore is not
designed for a production environment, as it will leak
memory, and will not scale past a single process.
[2016-07-24 14:33:04.981] [WARN] console - Warning: connect.session() MemoryStore is not
designed for a production environment, as it will leak
memory, and will not scale past a single process.
[2016-07-24 14:33:05.113] [WARN] console - Warning: connect.session() MemoryStore is not
designed for a production environment, as it will leak
memory, and will not scale past a single process.
[2016-07-24 14:33:05.319] [WARN] console - Warning: connect.session() MemoryStore is not
designed for a production environment, as it will leak
memory, and will not scale past a single process.
