[0mGET / [36m304 [0m2197.315 ms - -[0m
[0mGET /public/stylesheets/style.css [36m304 [0m13.149 ms - -[0m
[0mGET /public/bower_components/bootstrap/dist/css/bootstrap.css [36m304 [0m9.517 ms - -[0m
[0mGET /public/bower_components/jquery/dist/jquery.min.js [36m304 [0m17.495 ms - -[0m
[0mGET /public/bower_components/bootstrap/dist/js/bootstrap.min.js [36m304 [0m9.888 ms - -[0m
[0mGET /public/javascripts/scroll.js [36m304 [0m10.244 ms - -[0m
[0mGET /public/images/logo2.png [36m304 [0m1.360 ms - -[0m
[0mGET /public/bower_components/bootstrap/dist/css/bootstrap.css.map [36m304 [0m1.104 ms - -[0m
[0mGET /public/images/downloading.gif [36m304 [0m1.984 ms - -[0m
[0mGET /public/images/arrow.jpg [36m304 [0m3.057 ms - -[0m
[0mGET /public/bower_components/jquery/dist/jquery.min.map [36m304 [0m3.009 ms - -[0m
[0mGET / [36m304 [0m2519.263 ms - -[0m
[0mGET /public/stylesheets/style.css [36m304 [0m55.376 ms - -[0m
[0mGET /public/bower_components/bootstrap/dist/css/bootstrap.css [36m304 [0m54.769 ms - -[0m
[0mGET /public/bower_components/jquery/dist/jquery.min.js [36m304 [0m57.678 ms - -[0m
[0mGET /public/bower_components/bootstrap/dist/js/bootstrap.min.js [36m304 [0m60.719 ms - -[0m
[0mGET /public/javascripts/scroll.js [36m304 [0m58.414 ms - -[0m
[0mGET /public/images/logo2.png [36m304 [0m15.229 ms - -[0m
[0mGET /public/bower_components/bootstrap/dist/css/bootstrap.css.map [36m304 [0m5.509 ms - -[0m
[0mGET /public/bower_components/jquery/dist/jquery.min.map [36m304 [0m1.159 ms - -[0m
[0mGET /public/images/downloading.gif [36m304 [0m5.995 ms - -[0m
[0mGET /public/images/arrow.jpg [36m304 [0m6.125 ms - -[0m
[0mGET / [36m304 [0m2563.204 ms - -[0m
[0mGET /public/bower_components/jquery/dist/jquery.min.map [36m304 [0m1.263 ms - -[0m
[0mGET /public/bower_components/bootstrap/dist/css/bootstrap.css.map [36m304 [0m2.109 ms - -[0m
[0mGET /public/images/downloading.gif [36m304 [0m2.025 ms - -[0m
[0mGET /public/images/arrow.jpg [36m304 [0m2.193 ms - -[0m
Mon, 04 Jul 2016 03:53:28 GMT express deprecated req.param(name): Use req.params, req.body, or req.query instead at core/controller/Index.js:29:24
Mon, 04 Jul 2016 03:53:28 GMT express deprecated req.param(name): Use req.params, req.body, or req.query instead at core/controller/Index.js:30:24
[0mPOST /save [31m500 [0m226.078 ms - 1235[0m
[0mGET / [36m304 [0m2460.825 ms - -[0m
[0mGET /public/stylesheets/style.css [36m304 [0m18.110 ms - -[0m
[0mGET /public/bower_components/bootstrap/dist/css/bootstrap.css [36m304 [0m12.938 ms - -[0m
[0mGET /public/bower_components/jquery/dist/jquery.min.js [36m304 [0m13.819 ms - -[0m
[0mGET /public/javascripts/scroll.js [36m304 [0m9.418 ms - -[0m
[0mGET /public/bower_components/bootstrap/dist/js/bootstrap.min.js [36m304 [0m5.659 ms - -[0m
[0mGET /public/images/logo2.png [36m304 [0m3.216 ms - -[0m
[0mGET /public/bower_components/bootstrap/dist/css/bootstrap.css.map [36m304 [0m2.230 ms - -[0m
[0mGET /public/images/downloading.gif [36m304 [0m2.023 ms - -[0m
[0mGET /public/images/arrow.jpg [36m304 [0m3.321 ms - -[0m
[0mGET /public/bower_components/jquery/dist/jquery.min.map [36m304 [0m3.533 ms - -[0m
Mon, 04 Jul 2016 05:40:02 GMT express deprecated req.param(name): Use req.params, req.body, or req.query instead at core/controller/Index.js:29:24
Mon, 04 Jul 2016 05:40:02 GMT express deprecated req.param(name): Use req.params, req.body, or req.query instead at core/controller/Index.js:30:24
[0mPOST /save [31m500 [0m145.568 ms - 1235[0m
[0mGET / [36m304 [0m2692.046 ms - -[0m
[0mGET /public/stylesheets/style.css [36m304 [0m17.355 ms - -[0m
[0mGET /public/bower_components/bootstrap/dist/css/bootstrap.css [36m304 [0m16.451 ms - -[0m
[0mGET /public/bower_components/jquery/dist/jquery.min.js [36m304 [0m18.780 ms - -[0m
[0mGET /public/bower_components/bootstrap/dist/js/bootstrap.min.js [36m304 [0m17.583 ms - -[0m
[0mGET /public/javascripts/scroll.js [36m304 [0m18.233 ms - -[0m
[0mGET /public/images/logo2.png [36m304 [0m1.487 ms - -[0m
[0mGET /public/bower_components/bootstrap/dist/css/bootstrap.css.map [36m304 [0m1.527 ms - -[0m
[0mGET /public/images/downloading.gif [36m304 [0m2.398 ms - -[0m
[0mGET /public/images/arrow.jpg [36m304 [0m4.112 ms - -[0m
[0mGET /public/bower_components/jquery/dist/jquery.min.map [36m304 [0m5.625 ms - -[0m
Mon, 04 Jul 2016 05:42:06 GMT express deprecated req.param(name): Use req.params, req.body, or req.query instead at core/controller/Index.js:28:24
Mon, 04 Jul 2016 05:42:06 GMT express deprecated req.param(name): Use req.params, req.body, or req.query instead at core/controller/Index.js:29:24
[0mPOST /save [31m500 [0m181.513 ms - 1235[0m
[0mGET / [36m304 [0m2426.290 ms - -[0m
[0mGET /public/stylesheets/style.css [36m304 [0m11.411 ms - -[0m
[0mGET /public/bower_components/bootstrap/dist/css/bootstrap.css [36m304 [0m8.420 ms - -[0m
[0mGET /public/bower_components/jquery/dist/jquery.min.js [36m304 [0m9.688 ms - -[0m
[0mGET /public/bower_components/bootstrap/dist/js/bootstrap.min.js [36m304 [0m9.932 ms - -[0m
[0mGET /public/javascripts/scroll.js [36m304 [0m10.698 ms - -[0m
[0mGET /public/images/logo2.png [36m304 [0m1.475 ms - -[0m
[0mGET /public/bower_components/bootstrap/dist/css/bootstrap.css.map [36m304 [0m1.018 ms - -[0m
[0mGET /public/images/downloading.gif [36m304 [0m4.994 ms - -[0m
[0mGET /public/images/arrow.jpg [36m304 [0m6.682 ms - -[0m
[0mGET /public/bower_components/jquery/dist/jquery.min.map [36m304 [0m10.192 ms - -[0m
Mon, 04 Jul 2016 05:46:58 GMT express deprecated req.param(name): Use req.params, req.body, or req.query instead at core/controller/Index.js:28:24
Mon, 04 Jul 2016 05:46:58 GMT express deprecated req.param(name): Use req.params, req.body, or req.query instead at core/controller/Index.js:29:24
[0mPOST /save [32m200 [0m188.524 ms - 86[0m
Mon, 04 Jul 2016 09:30:03 GMT express deprecated req.param(name): Use req.params, req.body, or req.query instead at core/controller/Index.js:73:28
[0mGET /queryBuyList?username=%E5%88%98%E8%8A%B3 [32m200 [0m3368.848 ms - 1189[0m
[0mGET / [32m200 [0m2550.563 ms - 67280[0m
[0mGET /public/stylesheets/style.css [36m304 [0m9.516 ms - -[0m
[0mGET /public/bower_components/bootstrap/dist/css/bootstrap.css [36m304 [0m7.008 ms - -[0m
[0mGET /public/bower_components/jquery/dist/jquery.min.js [36m304 [0m5.165 ms - -[0m
[0mGET /public/bower_components/bootstrap/dist/js/bootstrap.min.js [36m304 [0m5.063 ms - -[0m
[0mGET /public/javascripts/scroll.js [36m304 [0m5.772 ms - -[0m
[0mGET /public/images/logo2.png [36m304 [0m1.487 ms - -[0m
[0mGET /public/images/downloading.gif [36m304 [0m1.569 ms - -[0m
[0mGET /public/images/arrow.jpg [36m304 [0m2.109 ms - -[0m
Wed, 06 Jul 2016 09:01:57 GMT express deprecated req.param(name): Use req.params, req.body, or req.query instead at core/controller/Index.js:73:28
Wed, 06 Jul 2016 09:02:10 GMT express deprecated req.param(name): Use req.params, req.body, or req.query instead at core/controller/Index.js:73:28
[0mGET /public/stylesheets/style.css [36m304 [0m23.689 ms - -[0m
[0mGET /public/bower_components/bootstrap/dist/css/bootstrap.css [36m304 [0m28.100 ms - -[0m
[0mGET /public/bower_components/jquery/dist/jquery.min.map [36m304 [0m5.113 ms - -[0m
[0mGET /public/bower_components/bootstrap/dist/css/bootstrap.css.map [36m304 [0m1.462 ms - -[0m
[0mGET /queryBuyList?username=%E6%BB%A1%E9%B9%8F%E9%B9%8F [32m200 [0m5790.568 ms - 2378[0m
[0mGET /queryBuyList?username=%E7%AC%A6%E6%9C%9D%E6%A3%89 [32m200 [0m3330.234 ms - 1388[0m
[0mGET /queryBuyList?username=%E9%AB%98%E5%98%89%E6%B7%87 [32m200 [0m3371.675 ms - 1392[0m
[0mGET /queryBuyList?username=%E6%9B%BE%E4%B8%9E%E5%94%8F [32m200 [0m4039.118 ms - 1593[0m
Wed, 06 Jul 2016 09:05:15 GMT express deprecated req.param(name): Use req.params, req.body, or req.query instead at core/controller/Index.js:28:24
Wed, 06 Jul 2016 09:05:15 GMT express deprecated req.param(name): Use req.params, req.body, or req.query instead at core/controller/Index.js:29:24
[0mPOST /save [32m200 [0m168.671 ms - 87[0m
Wed, 06 Jul 2016 09:05:23 GMT express deprecated req.param(name): Use req.params, req.body, or req.query instead at core/controller/Index.js:73:28
[0mGET /queryBuyList?username=zhangjun [36m304 [0m199.683 ms - -[0m
Wed, 06 Jul 2016 09:05:35 GMT express deprecated req.param(name): Use req.params, req.body, or req.query instead at core/controller/Index.js:73:28
[0mGET /queryBuyList?username=%E6%B1%A4%E6%B5%B7%E7%95%85 [32m200 [0m4783.709 ms - 2183[0m
[0mGET / [32m200 [0m2682.156 ms - 67280[0m
[0mGET /public/stylesheets/style.css [36m304 [0m11.602 ms - -[0m
[0mGET /public/bower_components/bootstrap/dist/css/bootstrap.css [36m304 [0m9.868 ms - -[0m
[0mGET /public/bower_components/jquery/dist/jquery.min.js [36m304 [0m5.654 ms - -[0m
[0mGET /public/bower_components/bootstrap/dist/js/bootstrap.min.js [36m304 [0m6.790 ms - -[0m
[0mGET /public/javascripts/scroll.js [36m304 [0m8.446 ms - -[0m
[0mGET /public/images/logo2.png [36m304 [0m8.264 ms - -[0m
[0mGET /public/images/downloading.gif [36m304 [0m1.496 ms - -[0m
[0mGET /public/images/arrow.jpg [36m304 [0m2.548 ms - -[0m
[0mGET / [32m200 [0m701.321 ms - 32999[0m
[0mGET /public/bower_components/jquery/dist/jquery.min.js [36m304 [0m6.462 ms - -[0m
[0mGET /public/stylesheets/style.css [32m200 [0m21.249 ms - 5732[0m
[0mGET /public/javascripts/scroll.js [36m304 [0m10.683 ms - -[0m
[0mGET /public/images/logo2.png [36m304 [0m11.235 ms - -[0m
[0mGET /public/bower_components/bootstrap/dist/js/bootstrap.min.js [36m304 [0m12.556 ms - -[0m
[0mGET /public/bower_components/bootstrap/dist/css/bootstrap.css [32m200 [0m23.070 ms - 141622[0m
[0mGET /public/images/arrow.jpg [36m304 [0m1.296 ms - -[0m
[0mGET /public/images/downloading.gif [36m304 [0m1.553 ms - -[0m
Fri, 22 Jul 2016 08:54:03 GMT express deprecated req.param(name): Use req.params, req.body, or req.query instead at core/controller/Index.js:82:28
[0mGET /queryBuyList?username=4444445 [32m200 [0m322.891 ms - 27[0m
Fri, 22 Jul 2016 08:56:44 GMT express deprecated req.param(name): Use req.params, req.body, or req.query instead at core/controller/Index.js:82:28
[0mGET /queryBuyList?username=4444445 [36m304 [0m206.671 ms - -[0m
Fri, 22 Jul 2016 08:57:52 GMT express deprecated req.param(name): Use req.params, req.body, or req.query instead at core/controller/Index.js:82:28
[0mGET /queryBuyList?username=4444445 [36m304 [0m225.312 ms - -[0m
[0mGET / [36m304 [0m585.808 ms - -[0m
[0mGET /public/stylesheets/style.css [36m304 [0m17.064 ms - -[0m
[0mGET /public/bower_components/bootstrap/dist/css/bootstrap.css [36m304 [0m7.341 ms - -[0m
[0mGET /public/bower_components/bootstrap/dist/js/bootstrap.min.js [36m304 [0m9.279 ms - -[0m
[0mGET /public/bower_components/jquery/dist/jquery.min.js [36m304 [0m9.981 ms - -[0m
[0mGET /public/javascripts/scroll.js [36m304 [0m12.601 ms - -[0m
[0mGET /public/images/logo2.png [36m304 [0m13.386 ms - -[0m
[0mGET /public/images/downloading.gif [36m304 [0m1.501 ms - -[0m
[0mGET /public/images/arrow.jpg [36m304 [0m1.774 ms - -[0m
[0mGET / [36m304 [0m615.278 ms - -[0m
[0mGET /public/stylesheets/style.css [36m304 [0m26.995 ms - -[0m
[0mGET /public/bower_components/bootstrap/dist/css/bootstrap.css [36m304 [0m24.443 ms - -[0m
[0mGET /public/bower_components/jquery/dist/jquery.min.js [36m304 [0m26.633 ms - -[0m
[0mGET /public/bower_components/bootstrap/dist/js/bootstrap.min.js [36m304 [0m26.932 ms - -[0m
[0mGET /public/javascripts/scroll.js [36m304 [0m24.691 ms - -[0m
[0mGET /public/images/logo2.png [36m304 [0m28.575 ms - -[0m
[0mGET /public/images/downloading.gif [36m304 [0m3.552 ms - -[0m
[0mGET /public/images/arrow.jpg [36m304 [0m10.754 ms - -[0m
[0mGET / [36m304 [0m563.742 ms - -[0m
[0mGET /public/stylesheets/style.css [36m304 [0m5.547 ms - -[0m
[0mGET /public/bower_components/bootstrap/dist/css/bootstrap.css [36m304 [0m5.084 ms - -[0m
[0mGET /public/bower_components/jquery/dist/jquery.min.js [36m304 [0m5.232 ms - -[0m
[0mGET /public/bower_components/bootstrap/dist/js/bootstrap.min.js [36m304 [0m15.829 ms - -[0m
[0mGET /public/javascripts/scroll.js [36m304 [0m15.002 ms - -[0m
[0mGET /public/images/logo2.png [36m304 [0m15.878 ms - -[0m
[0mGET /public/images/downloading.gif [36m304 [0m1.780 ms - -[0m
[0mGET /public/images/arrow.jpg [36m304 [0m3.602 ms - -[0m
[0mGET / [36m304 [0m576.819 ms - -[0m
[0mGET /public/stylesheets/style.css [36m304 [0m11.901 ms - -[0m
[0mGET /public/bower_components/bootstrap/dist/css/bootstrap.css [36m304 [0m5.802 ms - -[0m
[0mGET /public/bower_components/jquery/dist/jquery.min.js [36m304 [0m7.850 ms - -[0m
[0mGET /public/bower_components/bootstrap/dist/js/bootstrap.min.js [36m304 [0m8.314 ms - -[0m
[0mGET /public/javascripts/scroll.js [36m304 [0m8.870 ms - -[0m
[0mGET /public/images/logo2.png [36m304 [0m8.993 ms - -[0m
[0mGET /public/images/downloading.gif [36m304 [0m1.853 ms - -[0m
[0mGET /public/images/arrow.jpg [36m304 [0m2.084 ms - -[0m
Fri, 22 Jul 2016 10:11:45 GMT express deprecated req.param(name): Use req.params, req.body, or req.query instead at core/controller/Index.js:82:28
[0mGET /queryBuyList?username=444445 [32m200 [0m83.843 ms - 54[0m
[0mGET /queryBuyList?username=4444445 [32m200 [0m1042.660 ms - 224[0m
